[debug] [2026-05-06T13:27:06.207Z] ----------------------------------------------------------------------
[debug] [2026-05-06T13:27:06.210Z] Command:       /usr/local/bin/node /usr/local/bin/firebase deploy --only hosting --project kelasagara-f127a
[debug] [2026-05-06T13:27:06.210Z] CLI Version:   15.9.0
[debug] [2026-05-06T13:27:06.210Z] Platform:      darwin
[debug] [2026-05-06T13:27:06.210Z] Node Version:  v24.14.0
[debug] [2026-05-06T13:27:06.210Z] Time:          Wed May 06 2026 18:57:06 GMT+0530 (India Standard Time)
[debug] [2026-05-06T13:27:06.210Z] ----------------------------------------------------------------------
[debug] 
[debug] [2026-05-06T13:27:07.245Z] > command requires scopes: ["email","openid","https://www.googleapis.com/auth/cloudplatformprojects.readonly","https://www.googleapis.com/auth/firebase","https://www.googleapis.com/auth/cloud-platform"]
[debug] [2026-05-06T13:27:07.245Z] > authorizing via signed-in user (anandaananda16919@gmail.com)
[debug] [2026-05-06T13:27:07.246Z] [iam] checking project kelasagara-f127a for permissions ["firebase.projects.get","firebasehosting.sites.update"]
[debug] [2026-05-06T13:27:07.247Z] Checked if tokens are valid: true, expires at: 1778076938042
[debug] [2026-05-06T13:27:07.247Z] Checked if tokens are valid: true, expires at: 1778076938042
[debug] [2026-05-06T13:27:07.248Z] >>> [apiv2][query] POST https://cloudresourcemanager.googleapis.com/v1/projects/kelasagara-f127a:testIamPermissions [none]
[debug] [2026-05-06T13:27:07.248Z] >>> [apiv2][(partial)header] POST https://cloudresourcemanager.googleapis.com/v1/projects/kelasagara-f127a:testIamPermissions  x-goog-user-project=kelasagara-f127a
[debug] [2026-05-06T13:27:07.248Z] >>> [apiv2][body] POST https://cloudresourcemanager.googleapis.com/v1/projects/kelasagara-f127a:testIamPermissions {"permissions":["firebase.projects.get","firebasehosting.sites.update"]}
[debug] [2026-05-06T13:27:08.822Z] <<< [apiv2][status] POST https://cloudresourcemanager.googleapis.com/v1/projects/kelasagara-f127a:testIamPermissions 403
[debug] [2026-05-06T13:27:08.822Z] <<< [apiv2][body] POST https://cloudresourcemanager.googleapis.com/v1/projects/kelasagara-f127a:testIamPermissions {"error":{"code":403,"message":"Caller does not have required permission to use project kelasagara-f127a. Grant the caller the roles/serviceusage.serviceUsageConsumer role, or a custom role with the serviceusage.services.use permission, by visiting https://console.developers.google.com/iam-admin/iam?project=kelasagara-f127a and then retry. Propagation of the new permission may take a few minutes.","status":"PERMISSION_DENIED","details":[{"@type":"type.googleapis.com/google.rpc.ErrorInfo","reason":"USER_PROJECT_DENIED","domain":"googleapis.com","metadata":{"consoleUrl":"https://console.developers.google.com/iam-admin/iam?project=kelasagara-f127a","service":"cloudresourcemanager.googleapis.com","containerInfo":"kelasagara-f127a","consumer":"projects/kelasagara-f127a"}},{"@type":"type.googleapis.com/google.rpc.LocalizedMessage","locale":"en-US","message":"Caller does not have required permission to use project kelasagara-f127a. Grant the caller the roles/serviceusage.serviceUsageConsumer role, or a custom role with the serviceusage.services.use permission, by visiting https://console.developers.google.com/iam-admin/iam?project=kelasagara-f127a and then retry. Propagation of the new permission may take a few minutes."},{"@type":"type.googleapis.com/google.rpc.Help","links":[{"description":"Google developer console IAM admin","url":"https://console.developers.google.com/iam-admin/iam?project=kelasagara-f127a"}]}]}}
[debug] [2026-05-06T13:27:08.823Z] [iam] error while checking permissions, command may fail: Request to https://cloudresourcemanager.googleapis.com/v1/projects/kelasagara-f127a:testIamPermissions had HTTP Error: 403, Caller does not have required permission to use project kelasagara-f127a. Grant the caller the roles/serviceusage.serviceUsageConsumer role, or a custom role with the serviceusage.services.use permission, by visiting https://console.developers.google.com/iam-admin/iam?project=kelasagara-f127a and then retry. Propagation of the new permission may take a few minutes.
[debug] [2026-05-06T13:27:08.824Z] Checked if tokens are valid: true, expires at: 1778076938042
[debug] [2026-05-06T13:27:08.824Z] Checked if tokens are valid: true, expires at: 1778076938042
[debug] [2026-05-06T13:27:08.824Z] >>> [apiv2][query] GET https://firebase.googleapis.com/v1beta1/projects/kelasagara-f127a [none]
[debug] [2026-05-06T13:27:09.436Z] <<< [apiv2][status] GET https://firebase.googleapis.com/v1beta1/projects/kelasagara-f127a 403
[debug] [2026-05-06T13:27:09.436Z] <<< [apiv2][body] GET https://firebase.googleapis.com/v1beta1/projects/kelasagara-f127a {"error":{"code":403,"message":"The caller does not have permission","status":"PERMISSION_DENIED"}}
[debug] [2026-05-06T13:27:09.436Z] Request to https://firebase.googleapis.com/v1beta1/projects/kelasagara-f127a had HTTP Error: 403, The caller does not have permission
[debug] [2026-05-06T13:27:09.437Z] FirebaseError: Request to https://firebase.googleapis.com/v1beta1/projects/kelasagara-f127a had HTTP Error: 403, The caller does not have permission
    at responseToError (/usr/local/lib/node_modules/firebase-tools/lib/responseToError.js:53:12)
    at RetryOperation._fn (/usr/local/lib/node_modules/firebase-tools/lib/apiv2.js:333:77)
    at process.processTicksAndRejections (node:internal/process/task_queues:104:5)
[error] 
[error] Error: Failed to get Firebase project kelasagara-f127a. Please make sure the project exists and your account has permission to access it.
